<?xml version="1.0" encoding="UTF-8"?>
<testsuite name="TabuleiroTest" tests="1" skipped="0" failures="0" errors="0" timestamp="2021-04-01T17:00:00" hostname="PULSE-JOB" time="0.03">
  <properties/>
  <testcase name="testeTabuleiro()" classname="TabuleiroTest" time="0.03"/>
  <system-out><![CDATA[]]></system-out>
  <system-err><![CDATA[]]></system-err>
</testsuite>
